app/build/outputs/logs/manifest-merger-debug-report.txt
-- Merging decision tree log ---
manifest
ADDED from src\main\AndroidManifest.xml:2:1-82:12
INJECTED from src\main\AndroidManifest.xml:2:1-82:12
INJECTED from src\main\AndroidManifest.xml:2:1-82:12
INJECTED from src\main\AndroidManifest.xml:2:1-82:12
INJECTED from src\main\AndroidManifest.xml:2:1-82:12
INJECTED from src\main\AndroidManifest.xml:2:1-82:12
INJECTED from src\main\AndroidManifest.xml:2:1-82:12
	package
		ADDED from src\main\AndroidManifest.xml:3:5-40
		INJECTED from src\main\AndroidManifest.xml
		INJECTED from src\main\AndroidManifest.xml
	android:versionName
		ADDED from src\main\AndroidManifest.xml:5:5-30
		INJECTED from src\main\AndroidManifest.xml
		INJECTED from src\main\AndroidManifest.xml
	xmlns:android
		ADDED from src\main\AndroidManifest.xml:2:11-69
	android:versionCode
		ADDED from src\main\AndroidManifest.xml:4:5-28
		INJECTED from src\main\AndroidManifest.xml
		INJECTED from src\main\AndroidManifest.xml
uses-permission#android.permission.CALL_PHONE
ADDED from src\main\AndroidManifest.xml:6:5-68
	android:name
		ADDED from src\main\AndroidManifest.xml:6:22-66
uses-permission#android.permission.INTERNET
ADDED from src\main\AndroidManifest.xml:7:5-67
	android:name
		ADDED from src\main\AndroidManifest.xml:7:22-64
uses-permission#android.permission.ACCESS_NETWORK_STATE
ADDED from src\main\AndroidManifest.xml:8:5-79
	android:name
		ADDED from src\main\AndroidManifest.xml:8:22-76
uses-permission#android.permission.READ_PHONE_STATE
ADDED from src\main\AndroidManifest.xml:9:5-75
	android:name
		ADDED from src\main\AndroidManifest.xml:9:22-72
uses-permission#android.permission.CAMERA
ADDED from src\main\AndroidManifest.xml:10:5-65
	android:name
		ADDED from src\main\AndroidManifest.xml:10:22-62
uses-permission#android.permission.VIBRATE
ADDED from src\main\AndroidManifest.xml:11:5-66
	android:name
		ADDED from src\main\AndroidManifest.xml:11:22-63
uses-permission#android.permission.FLASHLIGHT
ADDED from src\main\AndroidManifest.xml:12:5-69
	android:name
		ADDED from src\main\AndroidManifest.xml:12:22-66
uses-permission#android.permission.MOUNT_UNMOUNT_FILESYSTEMS
ADDED from src\main\AndroidManifest.xml:13:5-84
	android:name
		ADDED from src\main\AndroidManifest.xml:13:22-81
uses-permission#android.permission.WRITE_EXTERNAL_STORAGE
ADDED from src\main\AndroidManifest.xml:14:5-81
	android:name
		ADDED from src\main\AndroidManifest.xml:14:22-78
uses-permission#com.android.launcher.permission.INSTALL_SHORTCUT
ADDED from src\main\AndroidManifest.xml:15:5-88
	android:name
		ADDED from src\main\AndroidManifest.xml:15:22-85
uses-permission#android.permission.ACCESS_WIFI_STATE
ADDED from src\main\AndroidManifest.xml:16:5-76
	android:name
		ADDED from src\main\AndroidManifest.xml:16:22-73
uses-permission#android.permission.CHANGE_WIFI_STATE
ADDED from src\main\AndroidManifest.xml:17:5-76
	android:name
		ADDED from src\main\AndroidManifest.xml:17:22-73
uses-permission#com.android.launcher.permission.UNINSTALL_SHORTCUT
ADDED from src\main\AndroidManifest.xml:18:5-90
	android:name
		ADDED from src\main\AndroidManifest.xml:18:22-87
uses-permission#com.android.launcher.permission.READ_SETTINGS
ADDED from src\main\AndroidManifest.xml:19:5-85
	android:name
		ADDED from src\main\AndroidManifest.xml:19:22-82
uses-permission#android.permission.ACCESS_COARSE_LOCATION
ADDED from src\main\AndroidManifest.xml:20:5-81
	android:name
		ADDED from src\main\AndroidManifest.xml:20:22-78
uses-sdk
ADDED from src\main\AndroidManifest.xml:21:5-23:41
INJECTED from src\main\AndroidManifest.xml:21:5-23:41
INJECTED from src\main\AndroidManifest.xml:21:5-23:41
INJECTED from src\main\AndroidManifest.xml:21:5-23:41
INJECTED from src\main\AndroidManifest.xml:21:5-23:41
	android:targetSdkVersion
		ADDED from src\main\AndroidManifest.xml:23:9-38
		INJECTED from src\main\AndroidManifest.xml
		INJECTED from src\main\AndroidManifest.xml
	android:minSdkVersion
		ADDED from src\main\AndroidManifest.xml:22:9-34
		INJECTED from src\main\AndroidManifest.xml
		INJECTED from src\main\AndroidManifest.xml
uses-feature#android.hardware.camera
ADDED from src\main\AndroidManifest.xml:29:5-60
	android:name
		ADDED from src\main\AndroidManifest.xml:29:19-57
uses-feature#android.hardware.camera.autofocus
ADDED from src\main\AndroidManifest.xml:30:5-70
	android:name
		ADDED from src\main\AndroidManifest.xml:30:19-67
application
ADDED from src\main\AndroidManifest.xml:32:5-80:19
	android:label
		ADDED from src\main\AndroidManifest.xml:35:9-41
	android:icon
		ADDED from src\main\AndroidManifest.xml:34:9-44
	android:allowBackup
		ADDED from src\main\AndroidManifest.xml:33:9-35
	android:theme
		ADDED from src\main\AndroidManifest.xml:36:9-40
activity#com.example.androidweitao.WeitaoActivity
ADDED from src\main\AndroidManifest.xml:37:9-45:20
	android:label
		ADDED from src\main\AndroidManifest.xml:39:13-45
	android:name
		ADDED from src\main\AndroidManifest.xml:38:13-68
intent-filter#android.intent.action.MAIN+android.intent.category.LAUNCHER
ADDED from src\main\AndroidManifest.xml:40:13-44:29
action#android.intent.action.MAIN
ADDED from src\main\AndroidManifest.xml:41:17-69
	android:name
		ADDED from src\main\AndroidManifest.xml:41:25-66
category#android.intent.category.LAUNCHER
ADDED from src\main\AndroidManifest.xml:43:17-77
	android:name
		ADDED from src\main\AndroidManifest.xml:43:27-74
activity#com.example.androidweitao.AllFragment
ADDED from src\main\AndroidManifest.xml:46:9-47:20
	android:name
		ADDED from src\main\AndroidManifest.xml:46:19-71
activity#com.example.androidweitao.Erweima
ADDED from src\main\AndroidManifest.xml:48:9-49:20
	android:name
		ADDED from src\main\AndroidManifest.xml:48:19-67
activity#com.example.androidweitao.Img1
ADDED from src\main\AndroidManifest.xml:50:9-51:20
	android:name
		ADDED from src\main\AndroidManifest.xml:50:19-64
activity#com.example.androidweitao.Img12
ADDED from src\main\AndroidManifest.xml:52:9-53:20
	android:name
		ADDED from src\main\AndroidManifest.xml:52:19-65
activity#com.example.androidweitao.Img22
ADDED from src\main\AndroidManifest.xml:54:9-55:20
	android:name
		ADDED from src\main\AndroidManifest.xml:54:19-65
activity#com.example.androidweitao.Img24
ADDED from src\main\AndroidManifest.xml:56:9-57:20
	android:name
		ADDED from src\main\AndroidManifest.xml:56:19-65
activity#com.example.androidweitao.Img32
ADDED from src\main\AndroidManifest.xml:58:9-59:20
	android:name
		ADDED from src\main\AndroidManifest.xml:58:19-65
activity#com.example.androidweitao.Img33
ADDED from src\main\AndroidManifest.xml:60:9-61:20
	android:name
		ADDED from src\main\AndroidManifest.xml:60:19-65
activity#com.example.androidweitao.Img34
ADDED from src\main\AndroidManifest.xml:62:9-63:20
	android:name
		ADDED from src\main\AndroidManifest.xml:62:19-65
activity#com.example.androidweitao.Login
ADDED from src\main\AndroidManifest.xml:64:9-65:20
	android:name
		ADDED from src\main\AndroidManifest.xml:64:19-65
activity#com.example.androidweitao.MipcaActivityCapture
ADDED from src\main\AndroidManifest.xml:66:9-71:20
	android:screenOrientation
		ADDED from src\main\AndroidManifest.xml:69:13-49
	android:windowSoftInputMode
		ADDED from src\main\AndroidManifest.xml:70:13-60
	android:configChanges
		ADDED from src\main\AndroidManifest.xml:68:13-63
	android:name
		ADDED from src\main\AndroidManifest.xml:67:13-74
activity#com.example.androidweitao.productActivity
ADDED from src\main\AndroidManifest.xml:72:9-73:20
	android:name
		ADDED from src\main\AndroidManifest.xml:72:19-75
activity#com.example.androidweitao.Register
ADDED from src\main\AndroidManifest.xml:74:9-75:20
	android:name
		ADDED from src\main\AndroidManifest.xml:74:19-68
activity#com.example.androidweitao.shoppingcartActivity
ADDED from src\main\AndroidManifest.xml:76:9-77:20
	android:name
		ADDED from src\main\AndroidManifest.xml:76:19-80
activity#com.example.androidweitao.Zhucexieyi
ADDED from src\main\AndroidManifest.xml:78:9-79:20
	android:name
		ADDED from src\main\AndroidManifest.xml:78:19-70